<?xml version="1.0" encoding="UTF-8"?>
<testsuite xmlns:xsi="http://www.w3.org/2001/XMLSchema-instance" xsi:noNamespaceSchemaLocation="https://maven.apache.org/surefire/maven-surefire-plugin/xsd/surefire-test-report.xsd" name="com.mycompany.deviceconvertor.CurrencyConvertorTest" time="0.896" tests="7" errors="0" skipped="0" failures="2">
  <properties>
    <property name="sun.desktop" value="windows"/>
    <property name="awt.toolkit" value="sun.awt.windows.WToolkit"/>
    <property name="java.specification.version" value="11"/>
    <property name="sun.cpu.isalist" value="amd64"/>
    <property name="sun.jnu.encoding" value="Cp1252"/>
    <property name="java.class.path" value="C:\Users\olivier.baudion\Documents\NetBeansProjects\DEVICECONVERTOR\target\test-classes;C:\Users\olivier.baudion\Documents\NetBeansProjects\DEVICECONVERTOR\target\classes;C:\Users\olivier.baudion\.m2\repository\org\beryx\text-io\3.4.1\text-io-3.4.1.jar;C:\Users\olivier.baudion\.m2\repository\org\slf4j\slf4j-api\1.8.0-beta4\slf4j-api-1.8.0-beta4.jar;C:\Users\olivier.baudion\.m2\repository\jline\jline\2.14.6\jline-2.14.6.jar;C:\Users\olivier.baudion\.m2\repository\org\beryx\awt-color-factory\1.0.1\awt-color-factory-1.0.1.jar;C:\Users\olivier.baudion\.m2\repository\org\junit\jupiter\junit-jupiter\5.5.1\junit-jupiter-5.5.1.jar;C:\Users\olivier.baudion\.m2\repository\org\junit\jupiter\junit-jupiter-api\5.5.1\junit-jupiter-api-5.5.1.jar;C:\Users\olivier.baudion\.m2\repository\org\apiguardian\apiguardian-api\1.1.0\apiguardian-api-1.1.0.jar;C:\Users\olivier.baudion\.m2\repository\org\opentest4j\opentest4j\1.2.0\opentest4j-1.2.0.jar;C:\Users\olivier.baudion\.m2\repository\org\junit\platform\junit-platform-commons\1.5.1\junit-platform-commons-1.5.1.jar;C:\Users\olivier.baudion\.m2\repository\org\junit\jupiter\junit-jupiter-params\5.5.1\junit-jupiter-params-5.5.1.jar;C:\Users\olivier.baudion\.m2\repository\org\junit\jupiter\junit-jupiter-engine\5.5.1\junit-jupiter-engine-5.5.1.jar;C:\Users\olivier.baudion\.m2\repository\org\junit\platform\junit-platform-engine\1.5.1\junit-platform-engine-1.5.1.jar;C:\Users\olivier.baudion\.m2\repository\org\seleniumhq\selenium\selenium-java\2.44.0\selenium-java-2.44.0.jar;C:\Users\olivier.baudion\.m2\repository\org\seleniumhq\selenium\selenium-chrome-driver\2.44.0\selenium-chrome-driver-2.44.0.jar;C:\Users\olivier.baudion\.m2\repository\org\seleniumhq\selenium\selenium-remote-driver\2.44.0\selenium-remote-driver-2.44.0.jar;C:\Users\olivier.baudion\.m2\repository\cglib\cglib-nodep\2.1_3\cglib-nodep-2.1_3.jar;C:\Users\olivier.baudion\.m2\repository\com\google\code\gson\gson\2.3\gson-2.3.jar;C:\Users\olivier.baudion\.m2\repository\org\seleniumhq\selenium\selenium-api\2.44.0\selenium-api-2.44.0.jar;C:\Users\olivier.baudion\.m2\repository\org\seleniumhq\selenium\selenium-htmlunit-driver\2.44.0\selenium-htmlunit-driver-2.44.0.jar;C:\Users\olivier.baudion\.m2\repository\net\sourceforge\htmlunit\htmlunit\2.15\htmlunit-2.15.jar;C:\Users\olivier.baudion\.m2\repository\xalan\xalan\2.7.1\xalan-2.7.1.jar;C:\Users\olivier.baudion\.m2\repository\xalan\serializer\2.7.1\serializer-2.7.1.jar;C:\Users\olivier.baudion\.m2\repository\commons-collections\commons-collections\3.2.1\commons-collections-3.2.1.jar;C:\Users\olivier.baudion\.m2\repository\org\apache\commons\commons-lang3\3.3.2\commons-lang3-3.3.2.jar;C:\Users\olivier.baudion\.m2\repository\org\apache\httpcomponents\httpmime\4.3.3\httpmime-4.3.3.jar;C:\Users\olivier.baudion\.m2\repository\commons-codec\commons-codec\1.9\commons-codec-1.9.jar;C:\Users\olivier.baudion\.m2\repository\net\sourceforge\htmlunit\htmlunit-core-js\2.15\htmlunit-core-js-2.15.jar;C:\Users\olivier.baudion\.m2\repository\xerces\xercesImpl\2.11.0\xercesImpl-2.11.0.jar;C:\Users\olivier.baudion\.m2\repository\xml-apis\xml-apis\1.4.01\xml-apis-1.4.01.jar;C:\Users\olivier.baudion\.m2\repository\net\sourceforge\nekohtml\nekohtml\1.9.21\nekohtml-1.9.21.jar;C:\Users\olivier.baudion\.m2\repository\net\sourceforge\cssparser\cssparser\0.9.14\cssparser-0.9.14.jar;C:\Users\olivier.baudion\.m2\repository\org\w3c\css\sac\1.3\sac-1.3.jar;C:\Users\olivier.baudion\.m2\repository\commons-logging\commons-logging\1.1.3\commons-logging-1.1.3.jar;C:\Users\olivier.baudion\.m2\repository\org\eclipse\jetty\jetty-websocket\8.1.15.v20140411\jetty-websocket-8.1.15.v20140411.jar;C:\Users\olivier.baudion\.m2\repository\org\eclipse\jetty\jetty-util\8.1.15.v20140411\jetty-util-8.1.15.v20140411.jar;C:\Users\olivier.baudion\.m2\repository\org\eclipse\jetty\jetty-io\8.1.15.v20140411\jetty-io-8.1.15.v20140411.jar;C:\Users\olivier.baudion\.m2\repository\org\eclipse\jetty\jetty-http\8.1.15.v20140411\jetty-http-8.1.15.v20140411.jar;C:\Users\olivier.baudion\.m2\repository\org\apache\httpcomponents\httpclient\4.3.4\httpclient-4.3.4.jar;C:\Users\olivier.baudion\.m2\repository\org\apache\httpcomponents\httpcore\4.3.2\httpcore-4.3.2.jar;C:\Users\olivier.baudion\.m2\repository\org\seleniumhq\selenium\selenium-firefox-driver\2.44.0\selenium-firefox-driver-2.44.0.jar;C:\Users\olivier.baudion\.m2\repository\commons-io\commons-io\2.4\commons-io-2.4.jar;C:\Users\olivier.baudion\.m2\repository\org\seleniumhq\selenium\selenium-ie-driver\2.44.0\selenium-ie-driver-2.44.0.jar;C:\Users\olivier.baudion\.m2\repository\net\java\dev\jna\jna\3.4.0\jna-3.4.0.jar;C:\Users\olivier.baudion\.m2\repository\net\java\dev\jna\platform\3.4.0\platform-3.4.0.jar;C:\Users\olivier.baudion\.m2\repository\org\seleniumhq\selenium\selenium-safari-driver\2.44.0\selenium-safari-driver-2.44.0.jar;C:\Users\olivier.baudion\.m2\repository\org\seleniumhq\selenium\selenium-support\2.44.0\selenium-support-2.44.0.jar;C:\Users\olivier.baudion\.m2\repository\org\webbitserver\webbit\0.4.14\webbit-0.4.14.jar;C:\Users\olivier.baudion\.m2\repository\io\netty\netty\3.5.2.Final\netty-3.5.2.Final.jar;C:\Users\olivier.baudion\.m2\repository\com\opera\operadriver\1.5\operadriver-1.5.jar;C:\Users\olivier.baudion\.m2\repository\com\opera\operalaunchers\1.1\operalaunchers-1.1.jar;C:\Users\olivier.baudion\.m2\repository\com\google\protobuf\protobuf-java\2.4.1\protobuf-java-2.4.1.jar;C:\Users\olivier.baudion\.m2\repository\com\google\guava\guava\14.0\guava-14.0.jar;C:\Users\olivier.baudion\.m2\repository\commons-jxpath\commons-jxpath\1.3\commons-jxpath-1.3.jar;C:\Users\olivier.baudion\.m2\repository\org\apache\commons\commons-exec\1.1\commons-exec-1.1.jar;C:\Users\olivier.baudion\.m2\repository\org\ini4j\ini4j\0.5.2\ini4j-0.5.2.jar;C:\Users\olivier.baudion\.m2\repository\org\testng\testng\6.8.1\testng-6.8.1.jar;C:\Users\olivier.baudion\.m2\repository\org\beanshell\bsh\2.0b4\bsh-2.0b4.jar;C:\Users\olivier.baudion\.m2\repository\com\beust\jcommander\1.27\jcommander-1.27.jar;C:\Users\olivier.baudion\.m2\repository\org\yaml\snakeyaml\1.6\snakeyaml-1.6.jar;C:\Users\olivier.baudion\.m2\repository\junit\junit\4.12\junit-4.12.jar;C:\Users\olivier.baudion\.m2\repository\org\hamcrest\hamcrest-core\1.3\hamcrest-core-1.3.jar;C:\Users\olivier.baudion\.m2\repository\org\apache\maven\surefire\surefire-testng-utils\2.22.0\surefire-testng-utils-2.22.0.jar;C:\Users\olivier.baudion\.m2\repository\org\apache\maven\surefire\surefire-grouper\2.22.0\surefire-grouper-2.22.0.jar;"/>
    <property name="java.vm.vendor" value="Oracle Corporation"/>
    <property name="sun.arch.data.model" value="64"/>
    <property name="user.variant" value=""/>
    <property name="java.vendor.url" value="https://openjdk.java.net/"/>
    <property name="user.timezone" value="GMT"/>
    <property name="java.vm.specification.version" value="11"/>
    <property name="os.name" value="Windows 10"/>
    <property name="user.country" value="FR"/>
    <property name="sun.java.launcher" value="SUN_STANDARD"/>
    <property name="sun.boot.library.path" value="C:\Program Files\Java\jdk-11.0.8\bin"/>
    <property name="sun.java.command" value="C:\Users\OLIVIE~1.BAU\AppData\Local\Temp\surefire8540358916772782376\surefirebooter9172120955025726302.jar C:\Users\olivier.baudion\AppData\Local\Temp\surefire8540358916772782376 2021-01-04T15-05-06_873-jvmRun1 surefire7980360212246855107tmp surefire_01014977148744652514tmp"/>
    <property name="jdk.debug" value="release"/>
    <property name="test" value="com.mycompany.deviceconvertor.CurrencyConvertorTest#testGetElementByIndex"/>
    <property name="surefire.test.class.path" value="C:\Users\olivier.baudion\Documents\NetBeansProjects\DEVICECONVERTOR\target\test-classes;C:\Users\olivier.baudion\Documents\NetBeansProjects\DEVICECONVERTOR\target\classes;C:\Users\olivier.baudion\.m2\repository\org\beryx\text-io\3.4.1\text-io-3.4.1.jar;C:\Users\olivier.baudion\.m2\repository\org\slf4j\slf4j-api\1.8.0-beta4\slf4j-api-1.8.0-beta4.jar;C:\Users\olivier.baudion\.m2\repository\jline\jline\2.14.6\jline-2.14.6.jar;C:\Users\olivier.baudion\.m2\repository\org\beryx\awt-color-factory\1.0.1\awt-color-factory-1.0.1.jar;C:\Users\olivier.baudion\.m2\repository\org\junit\jupiter\junit-jupiter\5.5.1\junit-jupiter-5.5.1.jar;C:\Users\olivier.baudion\.m2\repository\org\junit\jupiter\junit-jupiter-api\5.5.1\junit-jupiter-api-5.5.1.jar;C:\Users\olivier.baudion\.m2\repository\org\apiguardian\apiguardian-api\1.1.0\apiguardian-api-1.1.0.jar;C:\Users\olivier.baudion\.m2\repository\org\opentest4j\opentest4j\1.2.0\opentest4j-1.2.0.jar;C:\Users\olivier.baudion\.m2\repository\org\junit\platform\junit-platform-commons\1.5.1\junit-platform-commons-1.5.1.jar;C:\Users\olivier.baudion\.m2\repository\org\junit\jupiter\junit-jupiter-params\5.5.1\junit-jupiter-params-5.5.1.jar;C:\Users\olivier.baudion\.m2\repository\org\junit\jupiter\junit-jupiter-engine\5.5.1\junit-jupiter-engine-5.5.1.jar;C:\Users\olivier.baudion\.m2\repository\org\junit\platform\junit-platform-engine\1.5.1\junit-platform-engine-1.5.1.jar;C:\Users\olivier.baudion\.m2\repository\org\seleniumhq\selenium\selenium-java\2.44.0\selenium-java-2.44.0.jar;C:\Users\olivier.baudion\.m2\repository\org\seleniumhq\selenium\selenium-chrome-driver\2.44.0\selenium-chrome-driver-2.44.0.jar;C:\Users\olivier.baudion\.m2\repository\org\seleniumhq\selenium\selenium-remote-driver\2.44.0\selenium-remote-driver-2.44.0.jar;C:\Users\olivier.baudion\.m2\repository\cglib\cglib-nodep\2.1_3\cglib-nodep-2.1_3.jar;C:\Users\olivier.baudion\.m2\repository\com\google\code\gson\gson\2.3\gson-2.3.jar;C:\Users\olivier.baudion\.m2\repository\org\seleniumhq\selenium\selenium-api\2.44.0\selenium-api-2.44.0.jar;C:\Users\olivier.baudion\.m2\repository\org\seleniumhq\selenium\selenium-htmlunit-driver\2.44.0\selenium-htmlunit-driver-2.44.0.jar;C:\Users\olivier.baudion\.m2\repository\net\sourceforge\htmlunit\htmlunit\2.15\htmlunit-2.15.jar;C:\Users\olivier.baudion\.m2\repository\xalan\xalan\2.7.1\xalan-2.7.1.jar;C:\Users\olivier.baudion\.m2\repository\xalan\serializer\2.7.1\serializer-2.7.1.jar;C:\Users\olivier.baudion\.m2\repository\commons-collections\commons-collections\3.2.1\commons-collections-3.2.1.jar;C:\Users\olivier.baudion\.m2\repository\org\apache\commons\commons-lang3\3.3.2\commons-lang3-3.3.2.jar;C:\Users\olivier.baudion\.m2\repository\org\apache\httpcomponents\httpmime\4.3.3\httpmime-4.3.3.jar;C:\Users\olivier.baudion\.m2\repository\commons-codec\commons-codec\1.9\commons-codec-1.9.jar;C:\Users\olivier.baudion\.m2\repository\net\sourceforge\htmlunit\htmlunit-core-js\2.15\htmlunit-core-js-2.15.jar;C:\Users\olivier.baudion\.m2\repository\xerces\xercesImpl\2.11.0\xercesImpl-2.11.0.jar;C:\Users\olivier.baudion\.m2\repository\xml-apis\xml-apis\1.4.01\xml-apis-1.4.01.jar;C:\Users\olivier.baudion\.m2\repository\net\sourceforge\nekohtml\nekohtml\1.9.21\nekohtml-1.9.21.jar;C:\Users\olivier.baudion\.m2\repository\net\sourceforge\cssparser\cssparser\0.9.14\cssparser-0.9.14.jar;C:\Users\olivier.baudion\.m2\repository\org\w3c\css\sac\1.3\sac-1.3.jar;C:\Users\olivier.baudion\.m2\repository\commons-logging\commons-logging\1.1.3\commons-logging-1.1.3.jar;C:\Users\olivier.baudion\.m2\repository\org\eclipse\jetty\jetty-websocket\8.1.15.v20140411\jetty-websocket-8.1.15.v20140411.jar;C:\Users\olivier.baudion\.m2\repository\org\eclipse\jetty\jetty-util\8.1.15.v20140411\jetty-util-8.1.15.v20140411.jar;C:\Users\olivier.baudion\.m2\repository\org\eclipse\jetty\jetty-io\8.1.15.v20140411\jetty-io-8.1.15.v20140411.jar;C:\Users\olivier.baudion\.m2\repository\org\eclipse\jetty\jetty-http\8.1.15.v20140411\jetty-http-8.1.15.v20140411.jar;C:\Users\olivier.baudion\.m2\repository\org\apache\httpcomponents\httpclient\4.3.4\httpclient-4.3.4.jar;C:\Users\olivier.baudion\.m2\repository\org\apache\httpcomponents\httpcore\4.3.2\httpcore-4.3.2.jar;C:\Users\olivier.baudion\.m2\repository\org\seleniumhq\selenium\selenium-firefox-driver\2.44.0\selenium-firefox-driver-2.44.0.jar;C:\Users\olivier.baudion\.m2\repository\commons-io\commons-io\2.4\commons-io-2.4.jar;C:\Users\olivier.baudion\.m2\repository\org\seleniumhq\selenium\selenium-ie-driver\2.44.0\selenium-ie-driver-2.44.0.jar;C:\Users\olivier.baudion\.m2\repository\net\java\dev\jna\jna\3.4.0\jna-3.4.0.jar;C:\Users\olivier.baudion\.m2\repository\net\java\dev\jna\platform\3.4.0\platform-3.4.0.jar;C:\Users\olivier.baudion\.m2\repository\org\seleniumhq\selenium\selenium-safari-driver\2.44.0\selenium-safari-driver-2.44.0.jar;C:\Users\olivier.baudion\.m2\repository\org\seleniumhq\selenium\selenium-support\2.44.0\selenium-support-2.44.0.jar;C:\Users\olivier.baudion\.m2\repository\org\webbitserver\webbit\0.4.14\webbit-0.4.14.jar;C:\Users\olivier.baudion\.m2\repository\io\netty\netty\3.5.2.Final\netty-3.5.2.Final.jar;C:\Users\olivier.baudion\.m2\repository\com\opera\operadriver\1.5\operadriver-1.5.jar;C:\Users\olivier.baudion\.m2\repository\com\opera\operalaunchers\1.1\operalaunchers-1.1.jar;C:\Users\olivier.baudion\.m2\repository\com\google\protobuf\protobuf-java\2.4.1\protobuf-java-2.4.1.jar;C:\Users\olivier.baudion\.m2\repository\com\google\guava\guava\14.0\guava-14.0.jar;C:\Users\olivier.baudion\.m2\repository\commons-jxpath\commons-jxpath\1.3\commons-jxpath-1.3.jar;C:\Users\olivier.baudion\.m2\repository\org\apache\commons\commons-exec\1.1\commons-exec-1.1.jar;C:\Users\olivier.baudion\.m2\repository\org\ini4j\ini4j\0.5.2\ini4j-0.5.2.jar;C:\Users\olivier.baudion\.m2\repository\org\testng\testng\6.8.1\testng-6.8.1.jar;C:\Users\olivier.baudion\.m2\repository\org\beanshell\bsh\2.0b4\bsh-2.0b4.jar;C:\Users\olivier.baudion\.m2\repository\com\beust\jcommander\1.27\jcommander-1.27.jar;C:\Users\olivier.baudion\.m2\repository\org\yaml\snakeyaml\1.6\snakeyaml-1.6.jar;C:\Users\olivier.baudion\.m2\repository\junit\junit\4.12\junit-4.12.jar;C:\Users\olivier.baudion\.m2\repository\org\hamcrest\hamcrest-core\1.3\hamcrest-core-1.3.jar;C:\Users\olivier.baudion\.m2\repository\org\apache\maven\surefire\surefire-testng-utils\2.22.0\surefire-testng-utils-2.22.0.jar;C:\Users\olivier.baudion\.m2\repository\org\apache\maven\surefire\surefire-grouper\2.22.0\surefire-grouper-2.22.0.jar;"/>
    <property name="sun.cpu.endian" value="little"/>
    <property name="user.home" value="C:\Users\olivier.baudion"/>
    <property name="user.language" value="fr"/>
    <property name="java.specification.vendor" value="Oracle Corporation"/>
    <property name="java.version.date" value="2020-07-14"/>
    <property name="java.home" value="C:\Program Files\Java\jdk-11.0.8"/>
    <property name="file.separator" value="\"/>
    <property name="basedir" value="C:\Users\olivier.baudion\Documents\NetBeansProjects\DEVICECONVERTOR"/>
    <property name="java.vm.compressedOopsMode" value="Zero based"/>
    <property name="line.separator" value="&#10;"/>
    <property name="java.specification.name" value="Java Platform API Specification"/>
    <property name="java.vm.specification.vendor" value="Oracle Corporation"/>
    <property name="java.awt.graphicsenv" value="sun.awt.Win32GraphicsEnvironment"/>
    <property name="surefire.real.class.path" value="C:\Users\OLIVIE~1.BAU\AppData\Local\Temp\surefire8540358916772782376\surefirebooter9172120955025726302.jar"/>
    <property name="user.script" value=""/>
    <property name="sun.management.compiler" value="HotSpot 64-Bit Tiered Compilers"/>
    <property name="java.runtime.version" value="11.0.8+10-LTS"/>
    <property name="user.name" value="olivier.baudion"/>
    <property name="path.separator" value=";"/>
    <property name="os.version" value="10.0"/>
    <property name="java.runtime.name" value="Java(TM) SE Runtime Environment"/>
    <property name="file.encoding" value="UTF-8"/>
    <property name="java.vm.name" value="Java HotSpot(TM) 64-Bit Server VM"/>
    <property name="java.vendor.version" value="18.9"/>
    <property name="maven.ext.class.path" value="C:\Program Files\NetBeans-12.0\netbeans\java\maven-nblib\netbeans-eventspy.jar"/>
    <property name="localRepository" value="C:\Users\olivier.baudion\.m2\repository"/>
    <property name="java.vendor.url.bug" value="https://bugreport.java.com/bugreport/"/>
    <property name="java.io.tmpdir" value="C:\Users\OLIVIE~1.BAU\AppData\Local\Temp\"/>
    <property name="java.version" value="11.0.8"/>
    <property name="user.dir" value="C:\Users\olivier.baudion\Documents\NetBeansProjects\DEVICECONVERTOR"/>
    <property name="os.arch" value="amd64"/>
    <property name="java.vm.specification.name" value="Java Virtual Machine Specification"/>
    <property name="java.awt.printerjob" value="sun.awt.windows.WPrinterJob"/>
    <property name="sun.os.patch.level" value=""/>
    <property name="java.library.path" value="C:\Program Files\Java\jdk-11.0.8\bin;C:\Windows\Sun\Java\bin;C:\Windows\system32;C:\Windows;C:\Program Files (x86)\Common Files\Oracle\Java\javapath;C:\Program Files\Common Files\Oracle\Java\javapath;C:\Windows\system32;C:\Windows;C:\Windows\System32\Wbem;C:\Windows\System32\WindowsPowerShell\v1.0\;C:\Windows\System32\OpenSSH\;C:\Users\olivier.baudion\AppData\Local\Microsoft\WindowsApps;C:\Users\olivier.baudion\AppData\Local\Programs\Git\cmd;."/>
    <property name="java.vendor" value="Oracle Corporation"/>
    <property name="java.vm.info" value="mixed mode"/>
    <property name="java.vm.version" value="11.0.8+10-LTS"/>
    <property name="sun.io.unicode.encoding" value="UnicodeLittle"/>
    <property name="java.class.version" value="55.0"/>
  </properties>
  <testcase name="testDisplayFormulasList on testDisplayFormulasList(com.mycompany.deviceconvertor.CurrencyConvertorTest)" classname="com.mycompany.deviceconvertor.CurrencyConvertorTest" time="0.001"/>
  <testcase name="testDisplayFormulasMenu on testDisplayFormulasMenu(com.mycompany.deviceconvertor.CurrencyConvertorTest)" classname="com.mycompany.deviceconvertor.CurrencyConvertorTest" time="0"/>
  <testcase name="testSaveFormula on testSaveFormula(com.mycompany.deviceconvertor.CurrencyConvertorTest)" classname="com.mycompany.deviceconvertor.CurrencyConvertorTest" time="0.292"/>
  <testcase name="testPerformConversion on testPerformConversion(com.mycompany.deviceconvertor.CurrencyConvertorTest)" classname="com.mycompany.deviceconvertor.CurrencyConvertorTest" time="0.002"/>
  <testcase name="testGetElementByIndex on testGetElementByIndex(com.mycompany.deviceconvertor.CurrencyConvertorTest)" classname="com.mycompany.deviceconvertor.CurrencyConvertorTest" time="0.008">
    <failure message="Cette formule n&apos;existe pas" type="java.io.IOException">java.io.IOException: Cette formule n'existe pas
	at com.mycompany.deviceconvertor.CurrencyConvertorTest.testGetElementByIndex(CurrencyConvertorTest.java:135)
</failure>
  </testcase>
  <testcase name="testDisplayresult on testDisplayresult(com.mycompany.deviceconvertor.CurrencyConvertorTest)" classname="com.mycompany.deviceconvertor.CurrencyConvertorTest" time="0"/>
  <testcase name="testPerformDeletion on testPerformDeletion(com.mycompany.deviceconvertor.CurrencyConvertorTest)" classname="com.mycompany.deviceconvertor.CurrencyConvertorTest" time="0.001">
    <failure message="Cette formule n&apos;existe pas" type="java.io.IOException">java.io.IOException: Cette formule n'existe pas
	at com.mycompany.deviceconvertor.CurrencyConvertorTest.testPerformDeletion(CurrencyConvertorTest.java:115)
</failure>
  </testcase>
</testsuite>